<?xml version="1.0" encoding="UTF-8"?>
<testng-results ignored="0" total="1" passed="1" failed="0" skipped="0">
  <reporter-output>
  </reporter-output>
  <suite started-at="2024-04-08T22:46:56 IST" name="Default suite" finished-at="2024-04-08T22:47:09 IST" duration-ms="13631">
    <groups>
    </groups>
    <test started-at="2024-04-08T22:46:56 IST" name="Default test" finished-at="2024-04-08T22:47:09 IST" duration-ms="13631">
      <class name="Day3.Cookies">
        <test-method signature="cookies()[pri:0, instance:Day3.Cookies@4f6f416f]" started-at="2024-04-08T22:46:56 IST" name="cookies" finished-at="2024-04-08T22:47:09 IST" duration-ms="13387" status="PASS">
          <reporter-output>
          </reporter-output>
        </test-method> <!-- cookies -->
      </class> <!-- Day3.Cookies -->
    </test> <!-- Default test -->
  </suite> <!-- Default suite -->
</testng-results>
